  forum.cpp
D:\Важные уроки по программированию\git 31\git 31\forum.cpp(7,28): error C2676: бинарный "<": "std::basic_ostream<char,std::char_traits<char>>" не определяет этот оператор или преобразование к типу приемлемо к встроенному оператору
C:\Program Files\Microsoft Visual Studio\2022\Community\VC\Tools\MSVC\14.37.32822\include\utility(505,27): message : может быть "bool std::operator <(const std::pair<_Ty1,_Ty2> &,const std::pair<_Uty1,_Uty2> &)"
D:\Важные уроки по программированию\git 31\git 31\forum.cpp(7,12): message : 'bool std::operator <(const std::pair<_Ty1,_Ty2> &,const std::pair<_Uty1,_Uty2> &)': не удалось вывести аргумент шаблон для 'const std::pair<_Ty1,_Ty2> &' из 'std::basic_ostream<char,std::char_traits<char>>'
C:\Program Files\Microsoft Visual Studio\2022\Community\VC\Tools\MSVC\14.37.32822\include\xutility(1686,5): message : или       "bool std::operator <(const std::reverse_iterator<_BidIt> &,const std::reverse_iterator<_BidIt2> &) noexcept(<expr>)"
D:\Важные уроки по программированию\git 31\git 31\forum.cpp(7,12): message : 'bool std::operator <(const std::reverse_iterator<_BidIt> &,const std::reverse_iterator<_BidIt2> &) noexcept(<expr>)': не удалось вывести аргумент шаблон для 'const std::reverse_iterator<_BidIt> &' из 'std::basic_ostream<char,std::char_traits<char>>'
C:\Program Files\Microsoft Visual Studio\2022\Community\VC\Tools\MSVC\14.37.32822\include\xutility(4287,5): message : или       "bool std::operator <(const std::move_iterator<_Iter> &,const std::move_iterator<_Iter2> &) noexcept(<expr>)"
D:\Важные уроки по программированию\git 31\git 31\forum.cpp(7,12): message : 'bool std::operator <(const std::move_iterator<_Iter> &,const std::move_iterator<_Iter2> &) noexcept(<expr>)': не удалось вывести аргумент шаблон для 'const std::move_iterator<_Iter> &' из 'std::basic_ostream<char,std::char_traits<char>>'
C:\Program Files\Microsoft Visual Studio\2022\Community\VC\Tools\MSVC\14.37.32822\include\xstring(5055,17): message : или       "bool std::operator <(const std::basic_string<_Elem,_Traits,_Alloc> &,const std::basic_string<_Elem,_Traits,_Alloc> &) noexcept"
D:\Важные уроки по программированию\git 31\git 31\forum.cpp(7,12): message : 'bool std::operator <(const std::basic_string<_Elem,_Traits,_Alloc> &,const std::basic_string<_Elem,_Traits,_Alloc> &) noexcept': не удалось вывести аргумент шаблон для 'const std::basic_string<_Elem,_Traits,_Alloc> &' из 'std::basic_ostream<char,std::char_traits<char>>'
C:\Program Files\Microsoft Visual Studio\2022\Community\VC\Tools\MSVC\14.37.32822\include\xstring(5061,17): message : или       "bool std::operator <(const _Elem *const ,const std::basic_string<_Elem,_Traits,_Alloc> &)"
D:\Важные уроки по программированию\git 31\git 31\forum.cpp(7,12): message : 'bool std::operator <(const _Elem *const ,const std::basic_string<_Elem,_Traits,_Alloc> &)': не удалось вывести аргумент шаблон для 'const _Elem *const ' из 'std::basic_ostream<char,std::char_traits<char>>'
C:\Program Files\Microsoft Visual Studio\2022\Community\VC\Tools\MSVC\14.37.32822\include\xstring(5066,17): message : или       "bool std::operator <(const std::basic_string<_Elem,_Traits,_Alloc> &,const _Elem *const )"
D:\Важные уроки по программированию\git 31\git 31\forum.cpp(7,12): message : 'bool std::operator <(const std::basic_string<_Elem,_Traits,_Alloc> &,const _Elem *const )': не удалось вывести аргумент шаблон для 'const std::basic_string<_Elem,_Traits,_Alloc> &' из 'std::basic_ostream<char,std::char_traits<char>>'
C:\Program Files\Microsoft Visual Studio\2022\Community\VC\Tools\MSVC\14.37.32822\include\memory(1900,17): message : или       "bool std::operator <(const std::shared_ptr<_Ty> &,const std::shared_ptr<_Ty0> &) noexcept"
D:\Важные уроки по программированию\git 31\git 31\forum.cpp(7,12): message : 'bool std::operator <(const std::shared_ptr<_Ty> &,const std::shared_ptr<_Ty0> &) noexcept': не удалось вывести аргумент шаблон для 'const std::shared_ptr<_Ty> &' из 'std::basic_ostream<char,std::char_traits<char>>'
C:\Program Files\Microsoft Visual Studio\2022\Community\VC\Tools\MSVC\14.37.32822\include\memory(1947,17): message : или       "bool std::operator <(const std::shared_ptr<_Ty> &,std::nullptr_t) noexcept"
D:\Важные уроки по программированию\git 31\git 31\forum.cpp(7,12): message : 'bool std::operator <(const std::shared_ptr<_Ty> &,std::nullptr_t) noexcept': не удалось вывести аргумент шаблон для 'const std::shared_ptr<_Ty> &' из 'std::basic_ostream<char,std::char_traits<char>>'
C:\Program Files\Microsoft Visual Studio\2022\Community\VC\Tools\MSVC\14.37.32822\include\memory(1952,17): message : или       "bool std::operator <(std::nullptr_t,const std::shared_ptr<_Ty> &) noexcept"
D:\Важные уроки по программированию\git 31\git 31\forum.cpp(7,12): message : "bool std::operator <(std::nullptr_t,const std::shared_ptr<_Ty> &) noexcept": не удается вывести аргумент шаблон для "_Ty"
C:\Program Files\Microsoft Visual Studio\2022\Community\VC\Tools\MSVC\14.37.32822\include\memory(3525,17): message : или       "bool std::operator <(const std::unique_ptr<_Ty,_Dx> &,const std::unique_ptr<_Ty2,_Dx2> &)"
D:\Важные уроки по программированию\git 31\git 31\forum.cpp(7,12): message : 'bool std::operator <(const std::unique_ptr<_Ty,_Dx> &,const std::unique_ptr<_Ty2,_Dx2> &)': не удалось вывести аргумент шаблон для 'const std::unique_ptr<_Ty,_Dx> &' из 'std::basic_ostream<char,std::char_traits<char>>'
C:\Program Files\Microsoft Visual Studio\2022\Community\VC\Tools\MSVC\14.37.32822\include\memory(3583,30): message : или       "bool std::operator <(const std::unique_ptr<_Ty,_Dx> &,std::nullptr_t)"
D:\Важные уроки по программированию\git 31\git 31\forum.cpp(7,12): message : 'bool std::operator <(const std::unique_ptr<_Ty,_Dx> &,std::nullptr_t)': не удалось вывести аргумент шаблон для 'const std::unique_ptr<_Ty,_Dx> &' из 'std::basic_ostream<char,std::char_traits<char>>'
C:\Program Files\Microsoft Visual Studio\2022\Community\VC\Tools\MSVC\14.37.32822\include\memory(3589,30): message : или       "bool std::operator <(std::nullptr_t,const std::unique_ptr<_Ty,_Dx> &)"
D:\Важные уроки по программированию\git 31\git 31\forum.cpp(7,12): message : "bool std::operator <(std::nullptr_t,const std::unique_ptr<_Ty,_Dx> &)": не удается вывести аргумент шаблон для "_Ty"
D:\Важные уроки по программированию\git 31\git 31\forum.cpp(7,12): message : "bool std::operator <(std::nullptr_t,const std::unique_ptr<_Ty,_Dx> &)": не удается вывести аргумент шаблон для "_Dx"
  git 31.cpp
  Создание кода...
